[2017-03-13 15:47:24] slim-app.INFO: Slim-Skeleton '/' route [] {"uid":"5ee255a"}
[2017-03-13 15:52:46] slim-app.INFO: Slim-Skeleton '/' route [] {"uid":"e5d78ec"}
[2017-03-13 18:53:50] slim-app.INFO: Slim-Skeleton '/' route [] {"uid":"5075729"}
[2017-03-14 14:27:39] slim-app.INFO: Slim-Skeleton '/' route [] {"uid":"3d1c430"}
[2017-03-14 14:36:14] slim-app.INFO: Slim-Skeleton '/' route [] {"uid":"dca2b37"}
[2017-03-14 14:36:22] slim-app.INFO: Slim-Skeleton '/' route [] {"uid":"94b8693"}
[2017-03-14 14:37:48] slim-app.INFO: Slim-Skeleton '/' route [] {"uid":"8f50376"}
[2017-03-14 14:38:14] slim-app.INFO: Slim-Skeleton '/' route [] {"uid":"0acb96d"}
[2017-03-14 14:39:21] slim-app.INFO: Vista acerca de [] {"uid":"ac6e793"}
[2017-03-14 14:40:27] slim-app.INFO: Slim-Skeleton '/' route [] {"uid":"2f3b37e"}
[2017-03-14 14:40:55] slim-app.INFO: Slim-Skeleton '/' route [] {"uid":"03d5644"}
[2017-03-14 14:41:02] slim-app.INFO: Vista acerca de [] {"uid":"b8c877d"}
[2017-03-14 14:46:52] slim-app.INFO: Aqui se haran los uploads [] {"uid":"938933d"}
[2017-03-14 14:47:54] slim-app.INFO: Aqui se haran los login [] {"uid":"55e36ef"}
[2017-03-14 14:49:48] slim-app.INFO: Slim-Skeleton '/' route [] {"uid":"d697823"}
[2017-03-14 16:52:16] slim-app.INFO: Vista acerca de [] {"uid":"10b0a36"}
[2017-03-14 16:54:33] slim-app.INFO: Aqui se haran los login [] {"uid":"90f3be6"}
[2017-03-14 16:58:12] slim-app.INFO: Vista acerca de [] {"uid":"df30947"}
[2017-03-14 17:25:41] slim-app.INFO: Vista acerca de [] {"uid":"11bbb5e"}
[2017-03-14 17:26:29] slim-app.INFO: Vista acerca de [] {"uid":"25f1242"}
[2017-03-14 17:29:42] slim-app.INFO: Vista acerca de [] {"uid":"3227e9a"}
[2017-03-14 17:31:51] slim-app.INFO: Vista acerca de [] {"uid":"3233c98"}
[2017-03-14 17:34:08] slim-app.INFO: Aqui se haran los login [] {"uid":"bb5d631"}
[2017-03-14 17:40:59] slim-app.INFO: Aqui se haran los uploads [] {"uid":"df7e54c"}
[2017-03-14 17:41:12] slim-app.INFO: Aqui se haran los uploads [] {"uid":"34a5ce7"}
[2017-03-14 17:41:27] slim-app.INFO: Aqui se haran los uploads [] {"uid":"4b46753"}
[2017-03-14 17:43:02] slim-app.INFO: Aqui se haran los uploads [] {"uid":"0a7f778"}
[2017-03-14 17:43:09] slim-app.INFO: Aqui se haran los login [] {"uid":"6f5229a"}
[2017-03-14 17:43:43] slim-app.INFO: Aqui se haran los logout [] {"uid":"716e25b"}
